ERROR - 2024-05-21 19:39:26 --> {"id":"1","nama":"hafifradhitya","email":"admin@gmail.com","password":"$2y$10$tfKwaovoy\/0bMlvto3RlseLaPNk3jF5uO.LUTJAnrFIEVUgu7qNGW","status":"1","created_at":"2024-01-06 10:04:26","updated_at":"2024-01-06 10:04:26"}
ERROR - 2024-05-21 19:43:16 --> mysqli_sql_exception: Column 'supplier_id' cannot be null in F:\project-codeigniter\www\ci.id\barang\system\Database\MySQLi\Connection.php:292
Stack trace:
#0 F:\project-codeigniter\www\ci.id\barang\system\Database\MySQLi\Connection.php(292): mysqli->query('INSERT INTO `en...', 0)
#1 F:\project-codeigniter\www\ci.id\barang\system\Database\BaseConnection.php(666): CodeIgniter\Database\MySQLi\Connection->execute('INSERT INTO `en...')
#2 F:\project-codeigniter\www\ci.id\barang\system\Database\BaseConnection.php(593): CodeIgniter\Database\BaseConnection->simpleQuery('INSERT INTO `en...')
#3 F:\project-codeigniter\www\ci.id\barang\system\Database\BaseBuilder.php(1916): CodeIgniter\Database\BaseConnection->query('INSERT INTO `en...', Array, false)
#4 F:\project-codeigniter\www\ci.id\barang\system\Model.php(303): CodeIgniter\Database\BaseBuilder->insert()
#5 F:\project-codeigniter\www\ci.id\barang\system\BaseModel.php(750): CodeIgniter\Model->doInsert(Array)
#6 F:\project-codeigniter\www\ci.id\barang\system\Model.php(695): CodeIgniter\BaseModel->insert(Array, true)
#7 F:\project-codeigniter\www\ci.id\barang\app\Controllers\EntranceController.php(131): CodeIgniter\Model->insert(Array)
#8 F:\project-codeigniter\www\ci.id\barang\system\CodeIgniter.php(925): App\Controllers\EntranceController->submit()
#9 F:\project-codeigniter\www\ci.id\barang\system\CodeIgniter.php(480): CodeIgniter\CodeIgniter->runController(Object(App\Controllers\EntranceController))
#10 F:\project-codeigniter\www\ci.id\barang\system\CodeIgniter.php(349): CodeIgniter\CodeIgniter->handleRequest(NULL, Object(Config\Cache), false)
#11 F:\project-codeigniter\www\ci.id\barang\index.php(67): CodeIgniter\CodeIgniter->run()
#12 {main}
CRITICAL - 2024-05-21 19:43:16 --> Column 'supplier_id' cannot be null
in SYSTEMPATH\Database\MySQLi\Connection.php on line 292.
 1 SYSTEMPATH\Database\MySQLi\Connection.php(292): mysqli->query('INSERT INTO `entrances` (`date`, `total`, `code`, `supplier_id`) VALUES (\'2024-05-21\', 0, \'24050001\', NULL)', 0)
 2 SYSTEMPATH\Database\BaseConnection.php(666): CodeIgniter\Database\MySQLi\Connection->execute('INSERT INTO `entrances` (`date`, `total`, `code`, `supplier_id`) VALUES (\'2024-05-21\', 0, \'24050001\', NULL)')
 3 SYSTEMPATH\Database\BaseConnection.php(593): CodeIgniter\Database\BaseConnection->simpleQuery('INSERT INTO `entrances` (`date`, `total`, `code`, `supplier_id`) VALUES (\'2024-05-21\', 0, \'24050001\', NULL)')
 4 SYSTEMPATH\Database\BaseBuilder.php(1916): CodeIgniter\Database\BaseConnection->query('INSERT INTO `entrances` (`date`, `total`, `code`, `supplier_id`) VALUES (:date:, :total:, :code:, :supplier_id:)', [...], false)
 5 SYSTEMPATH\Model.php(303): CodeIgniter\Database\BaseBuilder->insert()
 6 SYSTEMPATH\BaseModel.php(750): CodeIgniter\Model->doInsert([...])
 7 SYSTEMPATH\Model.php(695): CodeIgniter\BaseModel->insert([...], true)
 8 APPPATH\Controllers\EntranceController.php(131): CodeIgniter\Model->insert([...])
 9 SYSTEMPATH\CodeIgniter.php(925): App\Controllers\EntranceController->submit()
10 SYSTEMPATH\CodeIgniter.php(480): CodeIgniter\CodeIgniter->runController(Object(App\Controllers\EntranceController))
11 SYSTEMPATH\CodeIgniter.php(349): CodeIgniter\CodeIgniter->handleRequest(null, Object(Config\Cache), false)
12 FCPATH\index.php(67): CodeIgniter\CodeIgniter->run()
ERROR - 2024-05-21 19:43:17 --> mysqli_sql_exception: Column 'supplier_id' cannot be null in F:\project-codeigniter\www\ci.id\barang\system\Database\MySQLi\Connection.php:292
Stack trace:
#0 F:\project-codeigniter\www\ci.id\barang\system\Database\MySQLi\Connection.php(292): mysqli->query('INSERT INTO `en...', 0)
#1 F:\project-codeigniter\www\ci.id\barang\system\Database\BaseConnection.php(666): CodeIgniter\Database\MySQLi\Connection->execute('INSERT INTO `en...')
#2 F:\project-codeigniter\www\ci.id\barang\system\Database\BaseConnection.php(593): CodeIgniter\Database\BaseConnection->simpleQuery('INSERT INTO `en...')
#3 F:\project-codeigniter\www\ci.id\barang\system\Database\BaseBuilder.php(1916): CodeIgniter\Database\BaseConnection->query('INSERT INTO `en...', Array, false)
#4 F:\project-codeigniter\www\ci.id\barang\system\Model.php(303): CodeIgniter\Database\BaseBuilder->insert()
#5 F:\project-codeigniter\www\ci.id\barang\system\BaseModel.php(750): CodeIgniter\Model->doInsert(Array)
#6 F:\project-codeigniter\www\ci.id\barang\system\Model.php(695): CodeIgniter\BaseModel->insert(Array, true)
#7 F:\project-codeigniter\www\ci.id\barang\app\Controllers\EntranceController.php(131): CodeIgniter\Model->insert(Array)
#8 F:\project-codeigniter\www\ci.id\barang\system\CodeIgniter.php(925): App\Controllers\EntranceController->submit()
#9 F:\project-codeigniter\www\ci.id\barang\system\CodeIgniter.php(480): CodeIgniter\CodeIgniter->runController(Object(App\Controllers\EntranceController))
#10 F:\project-codeigniter\www\ci.id\barang\system\CodeIgniter.php(349): CodeIgniter\CodeIgniter->handleRequest(NULL, Object(Config\Cache), false)
#11 F:\project-codeigniter\www\ci.id\barang\index.php(67): CodeIgniter\CodeIgniter->run()
#12 {main}
CRITICAL - 2024-05-21 19:43:17 --> Column 'supplier_id' cannot be null
in SYSTEMPATH\Database\MySQLi\Connection.php on line 292.
 1 SYSTEMPATH\Database\MySQLi\Connection.php(292): mysqli->query('INSERT INTO `entrances` (`date`, `total`, `code`, `supplier_id`) VALUES (\'2024-05-21\', 0, \'24050001\', NULL)', 0)
 2 SYSTEMPATH\Database\BaseConnection.php(666): CodeIgniter\Database\MySQLi\Connection->execute('INSERT INTO `entrances` (`date`, `total`, `code`, `supplier_id`) VALUES (\'2024-05-21\', 0, \'24050001\', NULL)')
 3 SYSTEMPATH\Database\BaseConnection.php(593): CodeIgniter\Database\BaseConnection->simpleQuery('INSERT INTO `entrances` (`date`, `total`, `code`, `supplier_id`) VALUES (\'2024-05-21\', 0, \'24050001\', NULL)')
 4 SYSTEMPATH\Database\BaseBuilder.php(1916): CodeIgniter\Database\BaseConnection->query('INSERT INTO `entrances` (`date`, `total`, `code`, `supplier_id`) VALUES (:date:, :total:, :code:, :supplier_id:)', [...], false)
 5 SYSTEMPATH\Model.php(303): CodeIgniter\Database\BaseBuilder->insert()
 6 SYSTEMPATH\BaseModel.php(750): CodeIgniter\Model->doInsert([...])
 7 SYSTEMPATH\Model.php(695): CodeIgniter\BaseModel->insert([...], true)
 8 APPPATH\Controllers\EntranceController.php(131): CodeIgniter\Model->insert([...])
 9 SYSTEMPATH\CodeIgniter.php(925): App\Controllers\EntranceController->submit()
10 SYSTEMPATH\CodeIgniter.php(480): CodeIgniter\CodeIgniter->runController(Object(App\Controllers\EntranceController))
11 SYSTEMPATH\CodeIgniter.php(349): CodeIgniter\CodeIgniter->handleRequest(null, Object(Config\Cache), false)
12 FCPATH\index.php(67): CodeIgniter\CodeIgniter->run()
ERROR - 2024-05-21 19:43:19 --> mysqli_sql_exception: Column 'supplier_id' cannot be null in F:\project-codeigniter\www\ci.id\barang\system\Database\MySQLi\Connection.php:292
Stack trace:
#0 F:\project-codeigniter\www\ci.id\barang\system\Database\MySQLi\Connection.php(292): mysqli->query('INSERT INTO `en...', 0)
#1 F:\project-codeigniter\www\ci.id\barang\system\Database\BaseConnection.php(666): CodeIgniter\Database\MySQLi\Connection->execute('INSERT INTO `en...')
#2 F:\project-codeigniter\www\ci.id\barang\system\Database\BaseConnection.php(593): CodeIgniter\Database\BaseConnection->simpleQuery('INSERT INTO `en...')
#3 F:\project-codeigniter\www\ci.id\barang\system\Database\BaseBuilder.php(1916): CodeIgniter\Database\BaseConnection->query('INSERT INTO `en...', Array, false)
#4 F:\project-codeigniter\www\ci.id\barang\system\Model.php(303): CodeIgniter\Database\BaseBuilder->insert()
#5 F:\project-codeigniter\www\ci.id\barang\system\BaseModel.php(750): CodeIgniter\Model->doInsert(Array)
#6 F:\project-codeigniter\www\ci.id\barang\system\Model.php(695): CodeIgniter\BaseModel->insert(Array, true)
#7 F:\project-codeigniter\www\ci.id\barang\app\Controllers\EntranceController.php(131): CodeIgniter\Model->insert(Array)
#8 F:\project-codeigniter\www\ci.id\barang\system\CodeIgniter.php(925): App\Controllers\EntranceController->submit()
#9 F:\project-codeigniter\www\ci.id\barang\system\CodeIgniter.php(480): CodeIgniter\CodeIgniter->runController(Object(App\Controllers\EntranceController))
#10 F:\project-codeigniter\www\ci.id\barang\system\CodeIgniter.php(349): CodeIgniter\CodeIgniter->handleRequest(NULL, Object(Config\Cache), false)
#11 F:\project-codeigniter\www\ci.id\barang\index.php(67): CodeIgniter\CodeIgniter->run()
#12 {main}
CRITICAL - 2024-05-21 19:43:19 --> Column 'supplier_id' cannot be null
in SYSTEMPATH\Database\MySQLi\Connection.php on line 292.
 1 SYSTEMPATH\Database\MySQLi\Connection.php(292): mysqli->query('INSERT INTO `entrances` (`date`, `total`, `code`, `supplier_id`) VALUES (\'2024-05-21\', 0, \'24050001\', NULL)', 0)
 2 SYSTEMPATH\Database\BaseConnection.php(666): CodeIgniter\Database\MySQLi\Connection->execute('INSERT INTO `entrances` (`date`, `total`, `code`, `supplier_id`) VALUES (\'2024-05-21\', 0, \'24050001\', NULL)')
 3 SYSTEMPATH\Database\BaseConnection.php(593): CodeIgniter\Database\BaseConnection->simpleQuery('INSERT INTO `entrances` (`date`, `total`, `code`, `supplier_id`) VALUES (\'2024-05-21\', 0, \'24050001\', NULL)')
 4 SYSTEMPATH\Database\BaseBuilder.php(1916): CodeIgniter\Database\BaseConnection->query('INSERT INTO `entrances` (`date`, `total`, `code`, `supplier_id`) VALUES (:date:, :total:, :code:, :supplier_id:)', [...], false)
 5 SYSTEMPATH\Model.php(303): CodeIgniter\Database\BaseBuilder->insert()
 6 SYSTEMPATH\BaseModel.php(750): CodeIgniter\Model->doInsert([...])
 7 SYSTEMPATH\Model.php(695): CodeIgniter\BaseModel->insert([...], true)
 8 APPPATH\Controllers\EntranceController.php(131): CodeIgniter\Model->insert([...])
 9 SYSTEMPATH\CodeIgniter.php(925): App\Controllers\EntranceController->submit()
10 SYSTEMPATH\CodeIgniter.php(480): CodeIgniter\CodeIgniter->runController(Object(App\Controllers\EntranceController))
11 SYSTEMPATH\CodeIgniter.php(349): CodeIgniter\CodeIgniter->handleRequest(null, Object(Config\Cache), false)
12 FCPATH\index.php(67): CodeIgniter\CodeIgniter->run()
CRITICAL - 2024-05-21 19:55:12 --> file_get_contents(F:\project-codeigniter\www\ci.id\barang\writable\debugbar/debugbar_1716339170.098571.json): Failed to open stream: No such file or directory
in SYSTEMPATH\Debug\Toolbar\Collectors\History.php on line 82.
 1 [internal function]: CodeIgniter\Debug\Exceptions->errorHandler(2, 'file_get_contents(F:\\project-codeigniter\\www\\ci.id\\barang\\writable\\debugbar/debugbar_1716339170.098571.json): Failed to open stream: No such file or directory', 'SYSTEMPATH\\Debug\\Toolbar\\Collectors\\History.php', 82)
 2 SYSTEMPATH\Debug\Toolbar\Collectors\History.php(82): file_get_contents('FCPATH\\writable\\debugbar/debugbar_1716339170.098571.json')
 3 SYSTEMPATH\Debug\Toolbar.php(499): CodeIgniter\Debug\Toolbar\Collectors\History->setFiles('1716339300.667306', 20)
 4 SYSTEMPATH\Debug\Toolbar.php(478): CodeIgniter\Debug\Toolbar->format([...], 'html')
 5 APPPATH\Config\Events.php(46): CodeIgniter\Debug\Toolbar->respond()
 6 SYSTEMPATH\Events\Events.php(149): CodeIgniter\Events\Events::Config\{closure}()
 7 SYSTEMPATH\CodeIgniter.php(326): CodeIgniter\Events\Events::trigger('pre_system')
 8 FCPATH\index.php(67): CodeIgniter\CodeIgniter->run()
